200 (GET): html/test - 0.037284135818481 
200 (GET): favicon.ico - 0.01575493812561 
200 (GET): html - 0.083310127258301 
200 (GET): favicon.ico - 0.022000074386597 
200 (GET): html/test - 0.05203914642334 
200 (GET): html - 0.027222871780396 
200 (GET): favicon.ico - 0.013545036315918 
200 (GET): html - 0.013477087020874 
200 (GET): favicon.ico - 0.013457059860229 
200 (GET): html/test - 0.014970064163208 
200 (GET): html/test/resume - 0.037920951843262 
200 (GET): html/resume - 2.2220249176025 
200 (GET): / - 0.029304981231689 
200 (GET): / - 0.03681206703186 
200 (GET): html/home - 0.028368949890137 
200 (GET): html/resume - 1.2691631317139 
200 (GET): json/test - 0.016104936599731 
200 (POST): gql - 0.089105844497681 
200 (POST): gql - 0.043462991714478 
200 (GET): html/test - 0.023940801620483 
200 (GET): html/resume - 1.3425979614258 
200 (GET): html/home - 0.01652193069458 
200 (GET): html/home - 0.046408891677856 
200 (GET): favicon.ico - 0.01829719543457 
200 (GET): html/home - 2.4107921123505 
200 (GET): html/home - 0.017933130264282 
200 (GET): / - 0.029783010482788 
200 (GET): favicon.ico - 0.01331901550293 
200 (GET): / - 0.020359039306641 
200 (GET): favicon.ico - 0.013844966888428 
200 (GET): html/test - 0.018944978713989 
200 (GET): favicon.ico - 0.016642093658447 
200 (GET): html/resume - 1.5136849880219 
200 (GET): / - 0.019111156463623 
